<?xml version="1.0" encoding="UTF-8"?>
<!-- Generated by org.testng.reporters.JUnitReportReporter -->
<testsuite skipped="0" hostname="DESKTOP-JEP0KT9" name="com.sa.happytrip.tests.testcases.TestCase_9" tests="1" failures="0" timestamp="2020-07-03T11:12:22 IST" time="14.219" errors="0">
  <testcase name="ReadData9" time="14.219" classname="com.sa.happytrip.tests.testcases.TestCase_9"/>
  <system-out/>
</testsuite> <!-- com.sa.happytrip.tests.testcases.TestCase_9 -->
