<?xml version="1.0" encoding="UTF-8"?>
<!-- Generated by org.testng.reporters.JUnitReportReporter -->
<testsuite skipped="0" hostname="DESKTOP-JEP0KT9" name="com.sa.happytrip.tests.testcases.ScheduleFlight_ExtentReport" tests="10" failures="0" timestamp="2020-07-03T17:43:32 IST" time="256.313" errors="0">
  <testcase name="ReadData10" time="38.795" classname="com.sa.happytrip.tests.testcases.ScheduleFlight_ExtentReport"/>
  <system-out/>
  <testcase name="ReadData2" time="26.625" classname="com.sa.happytrip.tests.testcases.ScheduleFlight_ExtentReport"/>
  <system-out/>
  <testcase name="ReadData1" time="32.198" classname="com.sa.happytrip.tests.testcases.ScheduleFlight_ExtentReport"/>
  <system-out/>
  <testcase name="ReadData8" time="22.331" classname="com.sa.happytrip.tests.testcases.ScheduleFlight_ExtentReport"/>
  <system-out/>
  <testcase name="ReadData3" time="24.893" classname="com.sa.happytrip.tests.testcases.ScheduleFlight_ExtentReport"/>
  <system-out/>
  <testcase name="ReadData6" time="19.253" classname="com.sa.happytrip.tests.testcases.ScheduleFlight_ExtentReport"/>
  <system-out/>
  <testcase name="ReadData9" time="19.974" classname="com.sa.happytrip.tests.testcases.ScheduleFlight_ExtentReport"/>
  <system-out/>
  <testcase name="ReadData7" time="24.476" classname="com.sa.happytrip.tests.testcases.ScheduleFlight_ExtentReport"/>
  <system-out/>
  <testcase name="ReadData4" time="25.430" classname="com.sa.happytrip.tests.testcases.ScheduleFlight_ExtentReport"/>
  <system-out/>
  <testcase name="ReadData5" time="22.338" classname="com.sa.happytrip.tests.testcases.ScheduleFlight_ExtentReport"/>
  <system-out/>
</testsuite> <!-- com.sa.happytrip.tests.testcases.ScheduleFlight_ExtentReport -->
