<?xml version="1.0" encoding="UTF-8"?>
<!-- Generated by org.testng.reporters.JUnitReportReporter -->
<testsuite skipped="0" hostname="DESKTOP-JEP0KT9" name="com.sa.happytrip.testcases.TestCase_6" tests="1" failures="0" timestamp="2020-07-02T22:58:15 IST" time="36.272" errors="0">
  <testcase name="ReadData" time="36.272" classname="com.sa.happytrip.testcases.TestCase_6"/>
  <system-out/>
</testsuite> <!-- com.sa.happytrip.testcases.TestCase_6 -->
