<?xml version="1.0" encoding="UTF-8"?>
<!-- Generated by org.testng.reporters.JUnitReportReporter -->
<testsuite skipped="0" hostname="DESKTOP-JEP0KT9" name="com.sa.happytrip.testcases.TestCase_4" tests="1" failures="0" timestamp="2020-07-02T22:41:30 IST" time="31.184" errors="0">
  <testcase name="ReadData" time="31.184" classname="com.sa.happytrip.testcases.TestCase_4"/>
  <system-out/>
</testsuite> <!-- com.sa.happytrip.testcases.TestCase_4 -->
