<?xml version="1.0" encoding="UTF-8"?>
<!-- Generated by org.testng.reporters.JUnitReportReporter -->
<testsuite skipped="0" hostname="DESKTOP-JEP0KT9" name="com.sa.happytrip.tests.testcases.TestCase_3" tests="1" failures="0" timestamp="2020-07-03T11:12:22 IST" time="16.542" errors="0">
  <testcase name="ReadData3" time="16.542" classname="com.sa.happytrip.tests.testcases.TestCase_3"/>
  <system-out/>
</testsuite> <!-- com.sa.happytrip.tests.testcases.TestCase_3 -->
