<?xml version="1.0" encoding="UTF-8"?>
<!-- Generated by org.testng.reporters.JUnitReportReporter -->
<testsuite skipped="0" hostname="DESKTOP-JEP0KT9" name="com.sa.happytrip.testcases.TestCase_5" tests="1" failures="0" timestamp="2020-07-02T22:50:08 IST" time="55.646" errors="0">
  <testcase name="ReadData" time="55.646" classname="com.sa.happytrip.testcases.TestCase_5"/>
  <system-out/>
</testsuite> <!-- com.sa.happytrip.testcases.TestCase_5 -->
