<?xml version="1.0" encoding="UTF-8"?>
<!-- Generated by org.testng.reporters.JUnitReportReporter -->
<testsuite skipped="0" hostname="DESKTOP-JEP0KT9" name="com.sa.happytrip.tests.testcases.TestCase_5" tests="1" failures="0" timestamp="2020-07-03T11:12:22 IST" time="14.893" errors="0">
  <testcase name="ReadData5" time="14.893" classname="com.sa.happytrip.tests.testcases.TestCase_5"/>
  <system-out/>
</testsuite> <!-- com.sa.happytrip.tests.testcases.TestCase_5 -->
