<?xml version="1.0" encoding="UTF-8"?>
<!-- Generated by org.testng.reporters.JUnitReportReporter -->
<testsuite skipped="2" hostname="DESKTOP-JEP0KT9" name="com.sa.happytrip.tests.testcases.ScheduleFlight" tests="6" failures="0" timestamp="2020-07-03T16:21:51 IST" time="50.881" errors="0">
  <testcase name="ReadData1" time="25.004" classname="com.sa.happytrip.tests.testcases.ScheduleFlight"/>
  <system-out/>
  <testcase name="testCase3" time="7.789" classname="com.sa.happytrip.tests.testcases.ScheduleFlight"/>
  <system-out/>
  <testcase name="testCase2" time="4.683" classname="com.sa.happytrip.tests.testcases.ScheduleFlight"/>
  <system-out/>
  <testcase name="testCase4" time="6.636" classname="com.sa.happytrip.tests.testcases.ScheduleFlight"/>
  <system-out/>
  <testcase name="testCase5" time="6.769" classname="com.sa.happytrip.tests.testcases.ScheduleFlight">
    <skipped/>
  </testcase> <!-- testCase5 -->
  <system-out/>
  <testcase name="testCase6" classname="com.sa.happytrip.tests.testcases.ScheduleFlight">
    <skipped/>
  </testcase> <!-- testCase6 -->
  <system-out/>
</testsuite> <!-- com.sa.happytrip.tests.testcases.ScheduleFlight -->
