<?xml version="1.0" encoding="UTF-8"?>
<!-- Generated by org.testng.reporters.JUnitReportReporter -->
<testsuite skipped="0" hostname="DESKTOP-JEP0KT9" name="com.sa.happytrip.tests.testcases.TestCase_4" tests="1" failures="0" timestamp="2020-07-03T11:12:22 IST" time="23.543" errors="0">
  <testcase name="ReadData4" time="23.543" classname="com.sa.happytrip.tests.testcases.TestCase_4"/>
  <system-out/>
</testsuite> <!-- com.sa.happytrip.tests.testcases.TestCase_4 -->
