<?xml version="1.0" encoding="UTF-8"?>
<!-- Generated by org.testng.reporters.JUnitReportReporter -->
<testsuite skipped="0" hostname="DESKTOP-JEP0KT9" name="com.sa.happytrip.tests.pages.login_PageModel" tests="1" failures="0" timestamp="2020-07-03T17:43:32 IST" time="52.349" errors="0">
  <testcase name="login" time="52.349" classname="com.sa.happytrip.tests.pages.login_PageModel"/>
  <system-out/>
</testsuite> <!-- com.sa.happytrip.tests.pages.login_PageModel -->
