<?xml version="1.0" encoding="UTF-8"?>
<!-- Generated by org.testng.reporters.JUnitReportReporter -->
<testsuite skipped="0" hostname="DESKTOP-JEP0KT9" name="com.sa.happytrip.testcases.TestCase_1" tests="1" failures="0" timestamp="2020-07-02T21:36:32 IST" time="48.124" errors="0">
  <testcase name="ReadData" time="48.124" classname="com.sa.happytrip.testcases.TestCase_1"/>
  <system-out/>
</testsuite> <!-- com.sa.happytrip.testcases.TestCase_1 -->
