<?xml version="1.0" encoding="UTF-8"?>
<!-- Generated by org.testng.reporters.JUnitReportReporter -->
<testsuite skipped="0" hostname="DESKTOP-JEP0KT9" name="com.sa.happytrip.tests.testcases.TestCase_1" tests="1" failures="0" timestamp="2020-07-03T14:28:00 IST" time="64.328" errors="0">
  <testcase name="ReadData1" time="64.328" classname="com.sa.happytrip.tests.testcases.TestCase_1"/>
  <system-out/>
</testsuite> <!-- com.sa.happytrip.tests.testcases.TestCase_1 -->
