<?xml version="1.0" encoding="UTF-8"?>
<!-- Generated by org.testng.reporters.JUnitReportReporter -->
<testsuite skipped="0" hostname="DESKTOP-JEP0KT9" name="com.sa.happytrip.tests.testcases.TestCase_07" tests="1" failures="0" timestamp="2020-07-03T20:28:02 IST" time="20.467" errors="0">
  <testcase name="ReadData7" time="20.467" classname="com.sa.happytrip.tests.testcases.TestCase_07"/>
  <system-out/>
</testsuite> <!-- com.sa.happytrip.tests.testcases.TestCase_07 -->
